Loading from original dataset
Loading data from data/train_tok.jsonl
Loading data from data/train_tok.tables.jsonl
Loading data from data/dev_tok.jsonl
Loading data from data/dev_tok.tables.jsonl
Loading data from data/test_tok.jsonl
Loading data from data/test_tok.tables.jsonl
Loading word embedding from glove/glove.42B.300d.txt
Using trainable embedding
Using trainable embedding
Using trainable embedding
Using fixed embedding for words but trainable embedding for types
Init dev acc_qm: 0.0
  breakdown on (agg, sel, where): [0.06021378 0.16199525 0.         0.22672209 0.79109264 0.99002375
 0.99216152]
Epoch 1 @ 2022-04-16 23:35:47.878164
 Loss = 2.9285202686488048
 Train acc_qm: 0.36393157539837456
 breakdown result: [0.90190581 0.85056961 0.45127231 0.95968343 0.59246904 0.98259219
 0.91652766]
 Dev acc_qm: 0.34358669833729216
 breakdown result: [0.89524941 0.83527316 0.43301663 0.94916865 0.595962   0.97755344
 0.91033254]
 Best val acc = (0.895249406175772, 0.8352731591448931, 0.4330166270783848), on epoch (1, 1, 1) individually
Epoch 2 @ 2022-04-16 23:40:18.747402
 Loss = 1.441983722094533
 Train acc_qm: 0.5450899669943571
 breakdown result: [0.90034425 0.92442418 0.63771871 0.97299216 0.80531994 0.9724953
 0.88691131]
 Dev acc_qm: 0.5001187648456057
 breakdown result: [0.89026128 0.89608076 0.60593824 0.95498812 0.80665083 0.9672209
 0.87707838]
 Best val acc = (0.895249406175772, 0.8960807600950119, 0.605938242280285), on epoch (1, 2, 2) individually
Epoch 3 @ 2022-04-16 23:45:00.365808
 Loss = 1.1304695223350592
 Train acc_qm: 0.62109167051141
 breakdown result: [0.9079391  0.94364198 0.7130461  0.98353267 0.85520105 0.97698477
 0.89732761]
 Dev acc_qm: 0.5584323040380047
 breakdown result: [0.89928741 0.91163895 0.66330166 0.9611639  0.85023753 0.9675772
 0.88432304]
 Best val acc = (0.8992874109263658, 0.9116389548693586, 0.6633016627078385), on epoch (3, 3, 3) individually
Epoch 4 @ 2022-04-16 23:49:43.475328
 Loss = 0.9579585190758897
 Train acc_qm: 0.672640806331405
 breakdown result: [0.90575647 0.95585052 0.76739894 0.98782695 0.87612237 0.98308904
 0.92036058]
 Dev acc_qm: 0.5927553444180522
 breakdown result: [0.89714964 0.91603325 0.702019   0.96175772 0.86532067 0.97315914
 0.90178147]
 Best val acc = (0.8992874109263658, 0.9160332541567696, 0.7020190023752969), on epoch (3, 4, 4) individually
Epoch 5 @ 2022-04-16 23:54:52.327144
 Loss = 0.8639432060061504
 Train acc_qm: 0.6987614011427761
 breakdown result: [0.90847145 0.96353409 0.78977535 0.99043546 0.89021187 0.98692196
 0.92220605]
 Dev acc_qm: 0.606769596199525
 breakdown result: [0.89168646 0.91840855 0.71805226 0.96330166 0.87885986 0.97410926
 0.90178147]
 Best val acc = (0.8992874109263658, 0.9184085510688836, 0.7180522565320665), on epoch (3, 5, 5) individually
Epoch 6 @ 2022-04-17 00:00:01.042792
 Loss = 0.7512348661083594
 Train acc_qm: 0.7282535401213756
 breakdown result: [0.91413209 0.96997551 0.81582496 0.99352309 0.89904887 0.98807538
 0.93517763]
 Dev acc_qm: 0.6231591448931116
 breakdown result: [0.8976247  0.91947743 0.7307601  0.96401425 0.87992874 0.97921615
 0.90760095]
 Best val acc = (0.8992874109263658, 0.919477434679335, 0.7307600950118764), on epoch (3, 6, 6) individually
Epoch 7 @ 2022-04-17 00:04:52.984518
 Loss = 0.6894190279764868
 Train acc_qm: 0.7486779997870604
 breakdown result: [0.91666962 0.97492636 0.83307307 0.99304397 0.90859566 0.99098556
 0.94044788]
 Dev acc_qm: 0.628978622327791
 breakdown result: [0.89346793 0.92315914 0.73942993 0.96365796 0.88562945 0.97933492
 0.9108076 ]
 Best val acc = (0.8992874109263658, 0.9231591448931117, 0.7394299287410926), on epoch (3, 7, 7) individually
Epoch 8 @ 2022-04-17 00:10:01.656731
 Loss = 0.6431410554142677
 Train acc_qm: 0.7588991021045534
 breakdown result: [0.91883451 0.97664762 0.84208752 0.99492494 0.91519679 0.99181957
 0.94014622]
 Dev acc_qm: 0.6286223277909738
 breakdown result: [0.89287411 0.92078385 0.74524941 0.96211401 0.89038005 0.97850356
 0.91425178]
 Best val acc = (0.8992874109263658, 0.9231591448931117, 0.745249406175772), on epoch (3, 7, 8) individually
Epoch 9 @ 2022-04-17 00:14:47.889324
 Loss = 0.5976174947033165
 Train acc_qm: 0.7774603399936119
 breakdown result: [0.91988146 0.98044504 0.85866132 0.99650424 0.91991695 0.99260035
 0.94963978]
 Dev acc_qm: 0.6375296912114015
 breakdown result: [0.88942993 0.92541568 0.75380048 0.96377672 0.89287411 0.97957245
 0.9175772 ]
 Best val acc = (0.8992874109263658, 0.9254156769596199, 0.7538004750593824), on epoch (3, 9, 9) individually
Epoch 10 @ 2022-04-17 00:19:04.147579
 Loss = 0.5584609289870259
 Train acc_qm: 0.7888171203463819
 breakdown result: [0.92218831 0.98264542 0.86801292 0.99662846 0.92559534 0.99339887
 0.95239025]
 Dev acc_qm: 0.6442992874109263
 breakdown result: [0.89608076 0.9236342  0.75807601 0.96543943 0.89441805 0.98111639
 0.91710214]
 Best val acc = (0.8992874109263658, 0.9254156769596199, 0.7580760095011877), on epoch (3, 9, 10) individually


https://github.com/lyuqin/HydraNet-WikiSQL/blob/master/modeling/base_model.py#L59

https://github.com/NelsonDaniel/typesql/blob/py3.7/typesql/model/sqlnet.py#L384